<?xml version="1.0" encoding="UTF-8"?>
<!-- Generated by org.testng.reporters.JUnitReportReporter -->
<testsuite hostname="DESKTOP-H5CHME6" failures="0" tests="1" name="TestCases.BookFlight" time="31.231" errors="0" timestamp="2023-09-07T18:27:14 IST" skipped="0">
  <testcase classname="TestCases.BookFlight" name="Validate" time="31.231"/>
  <system-out/>
</testsuite> <!-- TestCases.BookFlight -->
