<?xml version="1.0" encoding="UTF-8"?>
<!-- Generated by org.testng.reporters.JUnitReportReporter -->
<testsuite hostname="DESKTOP-H5CHME6" failures="0" tests="1" name="TestCases.BookFlight" time="32.408" errors="0" timestamp="2023-09-02T22:24:26 IST" skipped="0">
  <testcase classname="TestCases.BookFlight" name="Validate" time="32.408"/>
  <system-out/>
</testsuite> <!-- TestCases.BookFlight -->
